#
# There is insufficient memory for the Java Runtime Environment to continue.
# Native memory allocation (mmap) failed to map 264241152 bytes for G1 virtual space
# Possible reasons:
#   The system is out of physical RAM or swap space
#   The process is running with CompressedOops enabled, and the Java Heap may be blocking the growth of the native heap
# Possible solutions:
#   Reduce memory load on the system
#   Increase physical memory or swap space
#   Check if swap backing store is full
#   Decrease Java heap size (-Xmx/-Xms)
#   Decrease number of Java threads
#   Decrease Java thread stack sizes (-Xss)
#   Set larger code cache with -XX:ReservedCodeCacheSize=
#   JVM is running with Zero Based Compressed Oops mode in which the Java heap is
#     placed in the first 32GB address space. The Java Heap base address is the
#     maximum limit for the native heap growth. Please use -XX:HeapBaseMinAddress
#     to set the Java Heap base and to place the Java Heap above 32GB virtual address.
# This output file may be truncated or incomplete.
#
#  Out of Memory Error (os_windows.cpp:3600), pid=29208, tid=12244
#
# JRE version:  (21.0.2+13) (build )
# Java VM: OpenJDK 64-Bit Server VM (21.0.2+13-58, mixed mode, sharing, tiered, compressed oops, compressed class ptrs, g1 gc, windows-amd64)
# No core dump will be written. Minidumps are not enabled by default on client versions of Windows
#

---------------  S U M M A R Y ------------

Command Line: -javaagent:C:\Program Files\JetBrains\IntelliJ IDEA Community Edition 2023.2.3\lib\idea_rt.jar=60884:C:\Program Files\JetBrains\IntelliJ IDEA Community Edition 2023.2.3\bin -Dfile.encoding=UTF-8 -Dsun.stdout.encoding=UTF-8 -Dsun.stderr.encoding=UTF-8 GUI.CourseManagement

Host: 11th Gen Intel(R) Core(TM) i5-11400H @ 2.70GHz, 12 cores, 15G,  Windows 11 , 64 bit Build 22621 (10.0.22621.3085)
Time: Tue Feb 20 16:02:43 2024 SE Asia Standard Time elapsed time: 0.019119 seconds (0d 0h 0m 0s)

---------------  T H R E A D  ---------------

Current thread (0x0000024d7b664620):  JavaThread "Unknown thread" [_thread_in_vm, id=12244, stack(0x00000084fe700000,0x00000084fe800000) (1024K)]

Stack: [0x00000084fe700000,0x00000084fe800000]
Native frames: (J=compiled Java code, j=interpreted, Vv=VM code, C=native code)
V  [jvm.dll+0x6cade9]
V  [jvm.dll+0x8569c1]
V  [jvm.dll+0x858d2e]
V  [jvm.dll+0x859413]
V  [jvm.dll+0x280e56]
V  [jvm.dll+0x6c74d5]
V  [jvm.dll+0x6bbeca]
V  [jvm.dll+0x355bca]
V  [jvm.dll+0x35d816]
V  [jvm.dll+0x3ae67e]
V  [jvm.dll+0x3ae928]
V  [jvm.dll+0x3295dc]
V  [jvm.dll+0x32a16b]
V  [jvm.dll+0x81efa9]
V  [jvm.dll+0x3bba01]
V  [jvm.dll+0x807928]
V  [jvm.dll+0x44f50e]
V  [jvm.dll+0x450e11]
C  [jli.dll+0x52a3]
C  [ucrtbase.dll+0x29363]
C  [KERNEL32.DLL+0x1257d]
C  [ntdll.dll+0x5aa58]


---------------  P R O C E S S  ---------------

Threads class SMR info:
_java_thread_list=0x00007ffdbd3fbb88, length=0, elements={
}

Java Threads: ( => current thread )
Total: 0

Other Threads:
  0x0000024d7d7f0c10 WorkerThread "GC Thread#0"                     [id=21652, stack(0x00000084fe800000,0x00000084fe900000) (1024K)]
  0x0000024d7d7fd950 ConcurrentGCThread "G1 Main Marker"            [id=9040, stack(0x00000084fe900000,0x00000084fea00000) (1024K)]
  0x0000024d7b72e380 WorkerThread "G1 Conc#0"                       [id=4996, stack(0x00000084fea00000,0x00000084feb00000) (1024K)]

[error occurred during error reporting (printing all threads), id 0xc0000005, EXCEPTION_ACCESS_VIOLATION (0xc0000005) at pc=0x00007ffdbcb6c6a7]
VM state: not at safepoint (not fully initialized)

VM Mutex/Monitor currently owned by a thread:  ([mutex/lock_event])
[0x00007ffdbd46ce68] Heap_lock - owner thread: 0x0000024d7b664620

Heap address: 0x0000000705a00000, size: 4006 MB, Compressed Oops mode: Zero based, Oop shift amount: 3

CDS archive(s) mapped at: [0x0000000000000000-0x0000000000000000-0x0000000000000000), size 0, SharedBaseAddress: 0x0000000800000000, ArchiveRelocationMode: 1.
Narrow klass base: 0x0000000000000000, Narrow klass shift: 0, Narrow klass range: 0x0

GC Precious Log:
 CardTable entry size: 512
 Card Set container configuration: InlinePtr #cards 4 size 8 Array Of Cards #cards 16 size 48 Howl #buckets 8 coarsen threshold 3686 Howl Bitmap #cards 512 size 80 coarsen threshold 460 Card regions per heap region 1 cards per card region 4096

Heap:
 garbage-first heap   total 0K, used 0K [0x0000000705a00000, 0x0000000800000000)
  region size 2048K, 0 young (0K), 0 survivors (0K)

[error occurred during error reporting (printing heap information), id 0xc0000005, EXCEPTION_ACCESS_VIOLATION (0xc0000005) at pc=0x00007ffdbcf539f9]
GC Heap History (0 events):
No events

Dll operation events (1 events):
Event: 0.008 Loaded shared library C:\Users\ADMIN\.jdks\openjdk-21.0.2\bin\java.dll

Deoptimization events (0 events):
No events

Classes loaded (0 events):
No events

Classes unloaded (0 events):
No events

Classes redefined (0 events):
No events

Internal exceptions (0 events):
No events

ZGC Phase Switch (0 events):
No events

VM Operations (0 events):
No events

Events (0 events):
No events


Dynamic libraries:
0x00007ff6fbb80000 - 0x00007ff6fbb8e000 	C:\Users\ADMIN\.jdks\openjdk-21.0.2\bin\java.exe
0x00007ffe5f710000 - 0x00007ffe5f927000 	C:\WINDOWS\SYSTEM32\ntdll.dll
0x00007ffe5e9b0000 - 0x00007ffe5ea74000 	C:\WINDOWS\System32\KERNEL32.DLL
0x00007ffe5cb20000 - 0x00007ffe5cec6000 	C:\WINDOWS\System32\KERNELBASE.dll
0x00007ffe5d290000 - 0x00007ffe5d3a1000 	C:\WINDOWS\System32\ucrtbase.dll
0x00007ffe34130000 - 0x00007ffe34148000 	C:\Users\ADMIN\.jdks\openjdk-21.0.2\bin\jli.dll
0x00007ffe31420000 - 0x00007ffe3143b000 	C:\Users\ADMIN\.jdks\openjdk-21.0.2\bin\VCRUNTIME140.dll
0x00007ffe5e5e0000 - 0x00007ffe5e78e000 	C:\WINDOWS\System32\USER32.dll
0x00007ffe5d3b0000 - 0x00007ffe5d3d6000 	C:\WINDOWS\System32\win32u.dll
0x00007ffe3ed70000 - 0x00007ffe3f003000 	C:\WINDOWS\WinSxS\amd64_microsoft.windows.common-controls_6595b64144ccf1df_6.0.22621.2506_none_270c5ae97388e100\COMCTL32.dll
0x00007ffe5f4c0000 - 0x00007ffe5f4e9000 	C:\WINDOWS\System32\GDI32.dll
0x00007ffe5dd50000 - 0x00007ffe5ddf7000 	C:\WINDOWS\System32\msvcrt.dll
0x00007ffe5d000000 - 0x00007ffe5d118000 	C:\WINDOWS\System32\gdi32full.dll
0x00007ffe5ca80000 - 0x00007ffe5cb1a000 	C:\WINDOWS\System32\msvcp_win.dll
0x00007ffe5dd10000 - 0x00007ffe5dd41000 	C:\WINDOWS\System32\IMM32.DLL
0x00007ffe33870000 - 0x00007ffe3387c000 	C:\Users\ADMIN\.jdks\openjdk-21.0.2\bin\vcruntime140_1.dll
0x00007ffdf80c0000 - 0x00007ffdf814e000 	C:\Users\ADMIN\.jdks\openjdk-21.0.2\bin\msvcp140.dll
0x00007ffdbc830000 - 0x00007ffdbd547000 	C:\Users\ADMIN\.jdks\openjdk-21.0.2\bin\server\jvm.dll
0x00007ffe5de60000 - 0x00007ffe5df13000 	C:\WINDOWS\System32\ADVAPI32.dll
0x00007ffe5e530000 - 0x00007ffe5e5d8000 	C:\WINDOWS\System32\sechost.dll
0x00007ffe5ca50000 - 0x00007ffe5ca78000 	C:\WINDOWS\System32\bcrypt.dll
0x00007ffe5dfa0000 - 0x00007ffe5e0b7000 	C:\WINDOWS\System32\RPCRT4.dll
0x00007ffe5f550000 - 0x00007ffe5f5c1000 	C:\WINDOWS\System32\WS2_32.dll
0x00007ffe5b8e0000 - 0x00007ffe5b92d000 	C:\WINDOWS\SYSTEM32\POWRPROF.dll
0x00007ffe526a0000 - 0x00007ffe526d4000 	C:\WINDOWS\SYSTEM32\WINMM.dll
0x00007ffe52d20000 - 0x00007ffe52d2a000 	C:\WINDOWS\SYSTEM32\VERSION.dll
0x00007ffe5b8c0000 - 0x00007ffe5b8d3000 	C:\WINDOWS\SYSTEM32\UMPDC.dll
0x00007ffe5bb80000 - 0x00007ffe5bb98000 	C:\WINDOWS\SYSTEM32\kernel.appcore.dll
0x00007ffe32ba0000 - 0x00007ffe32baa000 	C:\Users\ADMIN\.jdks\openjdk-21.0.2\bin\jimage.dll
0x00007ffe5a3f0000 - 0x00007ffe5a623000 	C:\WINDOWS\SYSTEM32\DBGHELP.DLL
0x00007ffe5e0d0000 - 0x00007ffe5e459000 	C:\WINDOWS\System32\combase.dll
0x00007ffe5ec20000 - 0x00007ffe5ecf7000 	C:\WINDOWS\System32\OLEAUT32.dll
0x00007ffe1f5b0000 - 0x00007ffe1f5e2000 	C:\WINDOWS\SYSTEM32\dbgcore.DLL
0x00007ffe5d3e0000 - 0x00007ffe5d45a000 	C:\WINDOWS\System32\bcryptPrimitives.dll
0x00007ffe56e80000 - 0x00007ffe56e8f000 	C:\Users\ADMIN\.jdks\openjdk-21.0.2\bin\instrument.dll
0x00007ffe31400000 - 0x00007ffe3141f000 	C:\Users\ADMIN\.jdks\openjdk-21.0.2\bin\java.dll

dbghelp: loaded successfully - version: 4.0.5 - missing functions: none
symbol engine: initialized successfully - sym options: 0x614 - pdb path: .;C:\Users\ADMIN\.jdks\openjdk-21.0.2\bin;C:\WINDOWS\SYSTEM32;C:\WINDOWS\WinSxS\amd64_microsoft.windows.common-controls_6595b64144ccf1df_6.0.22621.2506_none_270c5ae97388e100;C:\Users\ADMIN\.jdks\openjdk-21.0.2\bin\server

VM Arguments:
jvm_args: -javaagent:C:\Program Files\JetBrains\IntelliJ IDEA Community Edition 2023.2.3\lib\idea_rt.jar=60884:C:\Program Files\JetBrains\IntelliJ IDEA Community Edition 2023.2.3\bin -Dfile.encoding=UTF-8 -Dsun.stdout.encoding=UTF-8 -Dsun.stderr.encoding=UTF-8 
java_command: GUI.CourseManagement
java_class_path (initial): C:\Users\ADMIN\schoolmanagementsystem\out\production\schoolmanagementsystem;C:\Users\ADMIN\.m2\repository\com\mysql\mysql-connector-j\8.0.32\mysql-connector-j-8.0.32.jar;C:\Users\ADMIN\.m2\repository\com\google\protobuf\protobuf-java\3.21.9\protobuf-java-3.21.9.jar
Launcher Type: SUN_STANDARD

[Global flags]
     intx CICompilerCount                          = 4                                         {product} {ergonomic}
     uint ConcGCThreads                            = 3                                         {product} {ergonomic}
     uint G1ConcRefinementThreads                  = 10                                        {product} {ergonomic}
   size_t G1HeapRegionSize                         = 2097152                                   {product} {ergonomic}
    uintx GCDrainStackTargetSize                   = 64                                        {product} {ergonomic}
   size_t InitialHeapSize                          = 264241152                                 {product} {ergonomic}
   size_t MarkStackSize                            = 4194304                                   {product} {ergonomic}
   size_t MaxHeapSize                              = 4200595456                                {product} {ergonomic}
   size_t MinHeapDeltaBytes                        = 2097152                                   {product} {ergonomic}
   size_t MinHeapSize                              = 8388608                                   {product} {ergonomic}
    uintx NonNMethodCodeHeapSize                   = 5839372                                {pd product} {ergonomic}
    uintx NonProfiledCodeHeapSize                  = 122909434                              {pd product} {ergonomic}
    uintx ProfiledCodeHeapSize                     = 122909434                              {pd product} {ergonomic}
    uintx ReservedCodeCacheSize                    = 251658240                              {pd product} {ergonomic}
     bool SegmentedCodeCache                       = true                                      {product} {ergonomic}
   size_t SoftMaxHeapSize                          = 4200595456                             {manageable} {ergonomic}
     bool UseCompressedOops                        = true                           {product lp64_product} {ergonomic}
     bool UseG1GC                                  = true                                      {product} {ergonomic}
     bool UseLargePagesIndividualAllocation        = false                                  {pd product} {ergonomic}

Logging:
Log output configuration:
 #0: stdout all=warning uptime,level,tags foldmultilines=false
 #1: stderr all=off uptime,level,tags foldmultilines=false

Environment Variables:
JAVA_HOME=C:\JAVA\
PATH=C:\Program Files\Common Files\Oracle\Java\javapath;C:\Program Files (x86)\VMware\VMware Workstation\bin\;C:\JAVA\bin;C:\windows\system32;C:\windows;C:\windows\System32\Wbem;C:\windows\System32\WindowsPowerShell\v1.0\;C:\windows\System32\OpenSSH\;C:\Program Files (x86)\NVIDIA Corporation\PhysX\Common;C:\Program Files\NVIDIA Corporation\NVIDIA NvDLISR;C:\Program Files\Microsoft SQL Server\Client SDK\ODBC\170\Tools\Binn\;C:\Program Files (x86)\Microsoft SQL Server\150\Tools\Binn\;C:\Program Files\Microsoft SQL Server\150\Tools\Binn\;C:\Program Files\Microsoft SQL Server\150\DTS\Binn\;C:\Program Files (x86)\Microsoft SQL Server\150\DTS\Binn\;C:\Program Files\Azure Data Studio\bin;C:\WINDOWS\system32;C:\WINDOWS;C:\WINDOWS\System32\Wbem;C:\WINDOWS\System32\WindowsPowerShell\v1.0\;C:\WINDOWS\System32\OpenSSH\;C:\git\Git\cmd;C:\Program Files\nodejs\;C:\Program Files\MySQL\MySQL Shell 8.0\bin\;C:\Users\ADMIN\AppData\Local\Microsoft\WindowsApps;C:\Users\ADMIN\AppData\Local\Programs\Microsoft VS Code\bin;C:\Program Files\Azure Data Studio\bin;C:\Users\ADMIN\AppData\Roaming\npm;C:\xampp\php;
USERNAME=ADMIN
OS=Windows_NT
PROCESSOR_IDENTIFIER=Intel64 Family 6 Model 141 Stepping 1, GenuineIntel
TMP=C:\Users\ADMIN\AppData\Local\Temp
TEMP=C:\Users\ADMIN\AppData\Local\Temp




Periodic native trim disabled

---------------  S Y S T E M  ---------------

OS:
 Windows 11 , 64 bit Build 22621 (10.0.22621.3085)
OS uptime: 0 days 7:02 hours

CPU: total 12 (initial active 12) (6 cores per cpu, 2 threads per core) family 6 model 141 stepping 1 microcode 0x4e, cx8, cmov, fxsr, ht, mmx, 3dnowpref, sse, sse2, sse3, ssse3, sse4.1, sse4.2, popcnt, lzcnt, tsc, tscinvbit, avx, avx2, aes, erms, clmul, bmi1, bmi2, adx, avx512f, avx512dq, avx512cd, avx512bw, avx512vl, sha, fma, vzeroupper, avx512_vpopcntdq, avx512_vpclmulqdq, avx512_vaes, avx512_vnni, clflush, clflushopt, clwb, avx512_vbmi2, avx512_vbmi, rdtscp, rdpid, fsrm, gfni, avx512_bitalg, f16c, pku, cet_ibt, cet_ss, avx512_ifma
Processor Information for all 12 processors :
  Max Mhz: 2688, Current Mhz: 2688, Mhz Limit: 2688

Memory: 4k page, system-wide physical 16021M (3659M free)
TotalPageFile size 20117M (AvailPageFile size 152M)
current process WorkingSet (physical memory assigned to process): 11M, peak: 11M
current process commit charge ("private bytes"): 64M, peak: 316M

vm_info: OpenJDK 64-Bit Server VM (21.0.2+13-58) for windows-amd64 JRE (21.0.2+13-58), built on 2024-01-05T18:32:24Z by "mach5one" with MS VC++ 17.1 (VS2022)

END.
